<?xml version="1.0" encoding="UTF-8"?>
<!-- Generated by org.testng.reporters.JUnitXMLReporter -->
<testsuite ignored="0" hostname="SaiRam" failures="1" tests="2" name="Error Validation Test" time="7.409" errors="0" timestamp="2025-06-05T11:58:25 IST">
  <testcase classname="SeliniumMaven.Tests.ErrorValidationsTest" name="loginErrorValidation" time="0.888">
    <skipped/>
  </testcase> <!-- loginErrorValidation -->
  <testcase classname="SeliniumMaven.Tests.ErrorValidationsTest" name="loginErrorValidation" time="0.604">
    <failure type="java.lang.AssertionError" message="expected [Incorrect email or password.] but found [Incorrect or password.]">
      <![CDATA[java.lang.AssertionError: expected [Incorrect email or password.] but found [Incorrect or password.]
at SeliniumMaven.Tests.ErrorValidationsTest.loginErrorValidation(ErrorValidationsTest.java:19)
at java.base/java.util.ArrayList.forEach(ArrayList.java:1511)
at java.base/java.util.concurrent.FutureTask.run(FutureTask.java:264)
at java.base/java.util.concurrent.ThreadPoolExecutor.runWorker(ThreadPoolExecutor.java:1136)
at java.base/java.util.concurrent.ThreadPoolExecutor$Worker.run(ThreadPoolExecutor.java:635)
at java.base/java.lang.Thread.run(Thread.java:840)
... Removed 23 stack frames]]>
    </failure>
  </testcase> <!-- loginErrorValidation -->
</testsuite> <!-- Error Validation Test -->
